<?xml version="1.0" encoding="UTF-8" ?>
<testsuite tests="6" failures="0" name="UserServiceTest" time="0.385" errors="0" skipped="0">
  <properties>
[...]
</properties>
  <testcase classname="UserServiceTest" name="saveUser" time="0.216"/>
  <testcase classname="UserServiceTest" name="removeUserById" time="0.038"/>
  <testcase classname="UserServiceTest" name="getAllUsers" time="0.047"/>
  <testcase classname="UserServiceTest" name="dropUsersTable" time="0.015"/>
  <testcase classname="UserServiceTest" name="createUsersTable" time="0.016"/>
  <testcase classname="UserServiceTest" name="cleanUsersTable" time="0.053"/>
</testsuite>